2025-01-12 22:56:46,509 - INFO - Created missing directory: C:\Users\Vitalii\python_projects\ml-ai-trading\../data
2025-01-12 22:56:46,520 - INFO - Log file initialized at: C:\Users\Vitalii\python_projects\ml-ai-trading\../data/trade_log.csv
2025-01-12 22:56:46,534 - INFO - Connected to live KuCoin Futures for real trading.
2025-01-12 22:56:47,337 - INFO - Successfully connected to KuCoin Futures.
2025-01-12 22:56:47,337 - INFO - Available balance in your futures account: USDT 89.41582351
2025-01-12 22:56:47,337 - INFO - Fetching latest data and predicting signal for BTC-USD...
2025-01-12 22:56:47,338 - INFO - Fetching extended historical data for BTC-USD from KuCoin...
2025-01-12 22:56:47,347 - INFO - Requesting data for BTC/USDT:USDT starting from 1734166607344.332...
2025-01-12 22:56:47,657 - INFO - Requesting data for BTC/USDT:USDT starting from 1734345900001...
2025-01-12 22:56:47,992 - INFO - Requesting data for BTC/USDT:USDT starting from 1734525900001...
2025-01-12 22:56:48,335 - INFO - Requesting data for BTC/USDT:USDT starting from 1734705900001...
2025-01-12 22:56:48,676 - INFO - Requesting data for BTC/USDT:USDT starting from 1734885900001...
2025-01-12 22:56:49,005 - INFO - Requesting data for BTC/USDT:USDT starting from 1735065900001...
2025-01-12 22:56:49,367 - INFO - Requesting data for BTC/USDT:USDT starting from 1735245900001...
2025-01-12 22:56:49,691 - INFO - Requesting data for BTC/USDT:USDT starting from 1735425900001...
2025-01-12 22:56:50,033 - INFO - Requesting data for BTC/USDT:USDT starting from 1735605900001...
2025-01-12 22:56:50,991 - INFO - Requesting data for BTC/USDT:USDT starting from 1735785900001...
2025-01-12 22:56:51,223 - INFO - Requesting data for BTC/USDT:USDT starting from 1735965900001...
2025-01-12 22:56:51,587 - INFO - Requesting data for BTC/USDT:USDT starting from 1736145900001...
2025-01-12 22:56:51,879 - INFO - Requesting data for BTC/USDT:USDT starting from 1736325900001...
2025-01-12 22:56:52,215 - INFO - Requesting data for BTC/USDT:USDT starting from 1736505900001...
2025-01-12 22:56:52,571 - INFO - Requesting data for BTC/USDT:USDT starting from 1736685900001...
2025-01-12 22:56:52,929 - INFO - Requesting data for BTC/USDT:USDT starting from 1736739900001...
2025-01-12 22:56:53,231 - WARNING - No data returned for BTC/USDT:USDT. Stopping fetch.
2025-01-12 22:56:53,271 - INFO - Final dataset contains 2860 rows for BTC-USD.
2025-01-12 22:56:53,273 - INFO - Preprocessing 100 rows of data...
2025-01-12 22:56:53,275 - INFO - Close price stats - Min: 93799.0, Max: 95573.8, Mean: 94555.759, StdDev: 369.6326516839513
2025-01-12 22:56:53,304 - INFO - Short_MA head: Timestamp
2025-01-12 03:00:00         NaN
2025-01-12 03:15:00         NaN
2025-01-12 03:30:00         NaN
2025-01-12 03:45:00         NaN
2025-01-12 04:00:00    94568.66
Name: Short_MA, dtype: float64
2025-01-12 22:56:53,307 - INFO - Long_MA head: Timestamp
2025-01-12 03:00:00   NaN
2025-01-12 03:15:00   NaN
2025-01-12 03:30:00   NaN
2025-01-12 03:45:00   NaN
2025-01-12 04:00:00   NaN
Name: Long_MA, dtype: float64
2025-01-12 22:56:53,309 - INFO - RSI head: Timestamp
2025-01-12 03:00:00   NaN
2025-01-12 03:15:00   NaN
2025-01-12 03:30:00   NaN
2025-01-12 03:45:00   NaN
2025-01-12 04:00:00   NaN
Name: RSI, dtype: float64
2025-01-12 22:56:53,312 - INFO - MACD head: Timestamp
2025-01-12 03:00:00   NaN
2025-01-12 03:15:00   NaN
2025-01-12 03:30:00   NaN
2025-01-12 03:45:00   NaN
2025-01-12 04:00:00   NaN
Name: MACD, dtype: float64
2025-01-12 22:56:53,315 - INFO - Bollinger Upper head: Timestamp
2025-01-12 03:00:00   NaN
2025-01-12 03:15:00   NaN
2025-01-12 03:30:00   NaN
2025-01-12 03:45:00   NaN
2025-01-12 04:00:00   NaN
Name: Bollinger_Upper, dtype: float64
2025-01-12 22:56:53,319 - INFO - Dropped 33 rows due to NaN values. Final data length: 67 rows.
2025-01-12 22:56:53,327 - INFO - Modified Signal distribution: {1: 37, 0: 30}
2025-01-12 22:56:53,329 - INFO - Final Signal distribution: {1: 37, 0: 30}
2025-01-12 22:56:53,329 - INFO - Model is not trained. Training the model with data for BTC-USD...
2025-01-12 22:56:53,330 - INFO - Starting the machine learning model training process...
2025-01-12 22:56:53,337 - INFO - Signal distribution for training: {1: np.int64(37), 0: np.int64(30)}
2025-01-12 22:56:53,347 - INFO - Model state before training: RandomForestClassifier()
2025-01-12 22:56:53,348 - INFO - Shape of features (X) used for training: (53, 10)
2025-01-12 22:56:53,348 - INFO - Shape of target (y) used for training: (53,)
2025-01-12 22:56:53,519 - INFO - Model training completed.
2025-01-12 22:56:53,540 - INFO - Model trained successfully with accuracy: 78.57%.
2025-01-12 22:56:53,541 - WARNING - Model training seems incomplete. Attempting to recover attributes...
2025-01-12 22:56:53,541 - WARNING - Recovered 'n_features_' manually: 10
2025-01-12 22:56:53,542 - INFO - Model state after training: RandomForestClassifier()
2025-01-12 22:56:53,543 - INFO - Model parameters: {'bootstrap': True, 'ccp_alpha': 0.0, 'class_weight': None, 'criterion': 'gini', 'max_depth': None, 'max_features': 'sqrt', 'max_leaf_nodes': None, 'max_samples': None, 'min_impurity_decrease': 0.0, 'min_samples_leaf': 1, 'min_samples_split': 2, 'min_weight_fraction_leaf': 0.0, 'monotonic_cst': None, 'n_estimators': 100, 'n_jobs': None, 'oob_score': False, 'random_state': None, 'verbose': 0, 'warm_start': False}
2025-01-12 22:56:53,544 - INFO - Model is ready for predictions. Features: 10
2025-01-12 22:56:53,544 - INFO - Predicting the next signal based on the latest data...
2025-01-12 22:56:53,559 - INFO - Prediction complete. Signal: Sell
2025-01-12 22:56:54,103 - INFO - Trading signal sent to Telegram: <b>Trading Signal Alert</b>

<b>Signal:</b> Sell
<b>Time:</b> 2025-01-13 03:45:00
<b>Close Price:</b> 94172.90

<b>Indicators Summary:</b>
RSI: 42.22
Short MA: 94238.82
Long MA: 94618.74
MACD: -116.15
MACD Signal: -66.31
Bollinger Upper: 95454.76
Bollinger Lower: 93683.66

<b>Decision Explanation:</b>
Short-term Moving Average is below Long-term Moving Average (Bearish signal). MACD is below Signal line (Bearish signal). Decision: SELL based on the above signals.

2025-01-12 22:56:54,106 - INFO - New Signal for BTC-USD: SELL
2025-01-12 22:56:54,107 - INFO - No existing order for BTC-USD. Placing a new SELL order.
2025-01-12 22:56:54,109 - INFO - Placing order for BTC/USDT:USDT. Signal: SELL
2025-01-12 22:56:54,303 - INFO - Current price for BTC/USDT:USDT: 94187.4
2025-01-12 22:56:54,304 - WARNING - Order size is too small. Adjusting investment_amount.
2025-01-12 22:56:54,304 - INFO - Adjusted investment amount: 3140
2025-01-12 22:56:54,589 - INFO - Order placed: SELL BTC/USDT:USDT, Size: 1.0001337758553692, Price: 94187.4
2025-01-12 22:56:54,590 - INFO - SL: 94469.96219999998, TP: 93433.90079999999
2025-01-12 22:56:54,590 - INFO - Open trades summary:
2025-01-12 22:56:54,803 - INFO - 
+---------------+-------------+--------------+---------------+-----------------+-------------+---------------+---------------------+
| Symbol        | Direction   |   Order Size |   Entry Price |   Current Price |   Stop Loss |   Take Profit | Profit Percentage   |
+===============+=============+==============+===============+=================+=============+===============+=====================+
| BTC/USDT:USDT | Sell        |      1.00013 |       94187.4 |         94194.1 |       94470 |       93433.9 | -0.01%              |
+---------------+-------------+--------------+---------------+-----------------+-------------+---------------+---------------------+
2025-01-12 22:56:54,803 - INFO - Monitoring open trades...
2025-01-12 22:56:55,038 - INFO - Open trades summary:
2025-01-12 22:56:55,248 - INFO - 
+---------------+-------------+--------------+---------------+-----------------+-------------+---------------+---------------------+
| Symbol        | Direction   |   Order Size |   Entry Price |   Current Price |   Stop Loss |   Take Profit | Profit Percentage   |
+===============+=============+==============+===============+=================+=============+===============+=====================+
| BTC/USDT:USDT | Sell        |      1.00013 |       94187.4 |         94194.1 |       94470 |       93433.9 | -0.01%              |
+---------------+-------------+--------------+---------------+-----------------+-------------+---------------+---------------------+
2025-01-12 22:56:55,249 - INFO - Sleeping for 1 minutes before next cycle...
2025-01-12 22:57:55,250 - INFO - Fetching latest data and predicting signal for BTC-USD...
2025-01-12 22:57:55,251 - INFO - Fetching extended historical data for BTC-USD from KuCoin...
2025-01-12 22:57:55,252 - INFO - Requesting data for BTC/USDT:USDT starting from 1734166675251.312...
2025-01-12 22:57:55,513 - INFO - Requesting data for BTC/USDT:USDT starting from 1734345900001...
2025-01-12 22:57:55,812 - INFO - Requesting data for BTC/USDT:USDT starting from 1734525900001...
2025-01-12 22:57:56,733 - INFO - Requesting data for BTC/USDT:USDT starting from 1734705900001...
2025-01-12 22:57:56,964 - INFO - Requesting data for BTC/USDT:USDT starting from 1734885900001...
2025-01-12 22:57:57,302 - INFO - Requesting data for BTC/USDT:USDT starting from 1735065900001...
2025-01-12 22:57:57,631 - INFO - Requesting data for BTC/USDT:USDT starting from 1735245900001...
2025-01-12 22:57:57,985 - INFO - Requesting data for BTC/USDT:USDT starting from 1735425900001...
2025-01-12 22:57:58,322 - INFO - Requesting data for BTC/USDT:USDT starting from 1735605900001...
2025-01-12 22:57:58,643 - INFO - Requesting data for BTC/USDT:USDT starting from 1735785900001...
2025-01-12 22:57:58,973 - INFO - Requesting data for BTC/USDT:USDT starting from 1735965900001...
2025-01-12 22:57:59,316 - INFO - Requesting data for BTC/USDT:USDT starting from 1736145900001...
2025-01-12 22:57:59,684 - INFO - Requesting data for BTC/USDT:USDT starting from 1736325900001...
2025-01-12 22:57:59,988 - INFO - Requesting data for BTC/USDT:USDT starting from 1736505900001...
2025-01-12 22:58:00,335 - INFO - Requesting data for BTC/USDT:USDT starting from 1736685900001...
2025-01-12 22:58:01,250 - INFO - Requesting data for BTC/USDT:USDT starting from 1736739900001...
2025-01-12 22:58:01,442 - WARNING - No data returned for BTC/USDT:USDT. Stopping fetch.
2025-01-12 22:58:01,450 - INFO - Final dataset contains 2860 rows for BTC-USD.
2025-01-12 22:58:01,453 - INFO - Preprocessing 100 rows of data...
2025-01-12 22:58:01,455 - INFO - Close price stats - Min: 93799.0, Max: 95573.8, Mean: 94555.6, StdDev: 369.8023853930966
2025-01-12 22:58:01,475 - INFO - Short_MA head: Timestamp
2025-01-12 03:00:00         NaN
2025-01-12 03:15:00         NaN
2025-01-12 03:30:00         NaN
2025-01-12 03:45:00         NaN
2025-01-12 04:00:00    94568.66
Name: Short_MA, dtype: float64
2025-01-12 22:58:01,478 - INFO - Long_MA head: Timestamp
2025-01-12 03:00:00   NaN
2025-01-12 03:15:00   NaN
2025-01-12 03:30:00   NaN
2025-01-12 03:45:00   NaN
2025-01-12 04:00:00   NaN
Name: Long_MA, dtype: float64
2025-01-12 22:58:01,481 - INFO - RSI head: Timestamp
2025-01-12 03:00:00   NaN
2025-01-12 03:15:00   NaN
2025-01-12 03:30:00   NaN
2025-01-12 03:45:00   NaN
2025-01-12 04:00:00   NaN
Name: RSI, dtype: float64
2025-01-12 22:58:01,485 - INFO - MACD head: Timestamp
2025-01-12 03:00:00   NaN
2025-01-12 03:15:00   NaN
2025-01-12 03:30:00   NaN
2025-01-12 03:45:00   NaN
2025-01-12 04:00:00   NaN
Name: MACD, dtype: float64
2025-01-12 22:58:01,488 - INFO - Bollinger Upper head: Timestamp
2025-01-12 03:00:00   NaN
2025-01-12 03:15:00   NaN
2025-01-12 03:30:00   NaN
2025-01-12 03:45:00   NaN
2025-01-12 04:00:00   NaN
Name: Bollinger_Upper, dtype: float64
2025-01-12 22:58:01,493 - INFO - Dropped 33 rows due to NaN values. Final data length: 67 rows.
2025-01-12 22:58:01,497 - INFO - Modified Signal distribution: {1: 37, 0: 30}
2025-01-12 22:58:01,500 - INFO - Final Signal distribution: {1: 37, 0: 30}
2025-01-12 22:58:01,501 - INFO - Predicting the next signal based on the latest data...
2025-01-12 22:58:01,512 - INFO - Prediction complete. Signal: Sell
2025-01-12 22:58:01,978 - INFO - Trading signal sent to Telegram: <b>Trading Signal Alert</b>

<b>Signal:</b> Sell
<b>Time:</b> 2025-01-13 03:45:00
<b>Close Price:</b> 94157.00

<b>Indicators Summary:</b>
RSI: 41.93
Short MA: 94235.64
Long MA: 94617.68
MACD: -117.42
MACD Signal: -66.56
Bollinger Upper: 95455.41
Bollinger Lower: 93681.42

<b>Decision Explanation:</b>
Short-term Moving Average is below Long-term Moving Average (Bearish signal). MACD is below Signal line (Bearish signal). Decision: SELL based on the above signals.

2025-01-12 22:58:01,981 - INFO - New Signal for BTC-USD: SELL
2025-01-12 22:58:01,982 - INFO - Existing order for BTC-USD: {'symbol': 'BTC/USDT:USDT', 'direction': 'sell', 'order_size': 1.0001337758553692, 'entry_price': 94187.4, 'stop_loss_price': 94469.96219999998, 'take_profit_price': 93433.90079999999}. Signal: SELL
2025-01-12 22:58:02,192 - INFO - Signal unchanged for BTC-USD. No action taken.
2025-01-12 22:58:02,193 - INFO - Monitoring open trades...
2025-01-12 22:58:02,419 - INFO - Open trades summary:
2025-01-12 22:58:02,630 - INFO - 
+---------------+-------------+--------------+---------------+-----------------+-------------+---------------+---------------------+
| Symbol        | Direction   |   Order Size |   Entry Price |   Current Price |   Stop Loss |   Take Profit | Profit Percentage   |
+===============+=============+==============+===============+=================+=============+===============+=====================+
| BTC/USDT:USDT | Sell        |      1.00013 |       94187.4 |           94157 |       94470 |       93433.9 | 0.03%               |
+---------------+-------------+--------------+---------------+-----------------+-------------+---------------+---------------------+
2025-01-12 22:58:02,630 - INFO - Sleeping for 1 minutes before next cycle...
2025-01-12 22:59:02,632 - INFO - Fetching latest data and predicting signal for BTC-USD...
2025-01-12 22:59:02,632 - INFO - Fetching extended historical data for BTC-USD from KuCoin...
2025-01-12 22:59:02,633 - INFO - Requesting data for BTC/USDT:USDT starting from 1734166742632.477...
2025-01-12 22:59:02,888 - INFO - Requesting data for BTC/USDT:USDT starting from 1734345900001...
2025-01-12 22:59:03,199 - INFO - Requesting data for BTC/USDT:USDT starting from 1734525900001...
2025-01-12 22:59:03,526 - INFO - Requesting data for BTC/USDT:USDT starting from 1734705900001...
2025-01-12 22:59:03,865 - INFO - Requesting data for BTC/USDT:USDT starting from 1734885900001...
2025-01-12 22:59:04,211 - INFO - Requesting data for BTC/USDT:USDT starting from 1735065900001...
2025-01-12 22:59:04,553 - INFO - Requesting data for BTC/USDT:USDT starting from 1735245900001...
2025-01-12 22:59:04,882 - INFO - Requesting data for BTC/USDT:USDT starting from 1735425900001...
2025-01-12 22:59:05,220 - INFO - Requesting data for BTC/USDT:USDT starting from 1735605900001...
2025-01-12 22:59:05,561 - INFO - Requesting data for BTC/USDT:USDT starting from 1735785900001...
2025-01-12 22:59:05,896 - INFO - Requesting data for BTC/USDT:USDT starting from 1735965900001...
2025-01-12 22:59:06,254 - INFO - Requesting data for BTC/USDT:USDT starting from 1736145900001...
2025-01-12 22:59:06,597 - INFO - Requesting data for BTC/USDT:USDT starting from 1736325900001...
2025-01-12 22:59:06,911 - INFO - Requesting data for BTC/USDT:USDT starting from 1736505900001...
2025-01-12 22:59:07,255 - INFO - Requesting data for BTC/USDT:USDT starting from 1736685900001...
2025-01-12 22:59:08,252 - INFO - Requesting data for BTC/USDT:USDT starting from 1736739900001...
2025-01-12 22:59:08,448 - WARNING - No data returned for BTC/USDT:USDT. Stopping fetch.
2025-01-12 22:59:08,456 - INFO - Final dataset contains 2860 rows for BTC-USD.
2025-01-12 22:59:08,458 - INFO - Preprocessing 100 rows of data...
2025-01-12 22:59:08,460 - INFO - Close price stats - Min: 93799.0, Max: 95573.8, Mean: 94556.285, StdDev: 369.11939635113504
2025-01-12 22:59:08,474 - INFO - Short_MA head: Timestamp
2025-01-12 03:00:00         NaN
2025-01-12 03:15:00         NaN
2025-01-12 03:30:00         NaN
2025-01-12 03:45:00         NaN
2025-01-12 04:00:00    94568.66
Name: Short_MA, dtype: float64
2025-01-12 22:59:08,477 - INFO - Long_MA head: Timestamp
2025-01-12 03:00:00   NaN
2025-01-12 03:15:00   NaN
2025-01-12 03:30:00   NaN
2025-01-12 03:45:00   NaN
2025-01-12 04:00:00   NaN
Name: Long_MA, dtype: float64
2025-01-12 22:59:08,480 - INFO - RSI head: Timestamp
2025-01-12 03:00:00   NaN
2025-01-12 03:15:00   NaN
2025-01-12 03:30:00   NaN
2025-01-12 03:45:00   NaN
2025-01-12 04:00:00   NaN
Name: RSI, dtype: float64
2025-01-12 22:59:08,482 - INFO - MACD head: Timestamp
2025-01-12 03:00:00   NaN
2025-01-12 03:15:00   NaN
2025-01-12 03:30:00   NaN
2025-01-12 03:45:00   NaN
2025-01-12 04:00:00   NaN
Name: MACD, dtype: float64
2025-01-12 22:59:08,484 - INFO - Bollinger Upper head: Timestamp
2025-01-12 03:00:00   NaN
2025-01-12 03:15:00   NaN
2025-01-12 03:30:00   NaN
2025-01-12 03:45:00   NaN
2025-01-12 04:00:00   NaN
Name: Bollinger_Upper, dtype: float64
2025-01-12 22:59:08,488 - INFO - Dropped 33 rows due to NaN values. Final data length: 67 rows.
2025-01-12 22:59:08,491 - INFO - Modified Signal distribution: {1: 37, 0: 30}
2025-01-12 22:59:08,493 - INFO - Final Signal distribution: {1: 37, 0: 30}
2025-01-12 22:59:08,493 - INFO - Predicting the next signal based on the latest data...
2025-01-12 22:59:08,504 - INFO - Prediction complete. Signal: Sell
2025-01-12 22:59:08,927 - INFO - Trading signal sent to Telegram: <b>Trading Signal Alert</b>

<b>Signal:</b> Sell
<b>Time:</b> 2025-01-13 03:45:00
<b>Close Price:</b> 94225.50

<b>Indicators Summary:</b>
RSI: 43.24
Short MA: 94249.34
Long MA: 94622.25
MACD: -111.95
MACD Signal: -65.47
Bollinger Upper: 95452.97
Bollinger Lower: 93690.71

<b>Decision Explanation:</b>
Short-term Moving Average is below Long-term Moving Average (Bearish signal). MACD is below Signal line (Bearish signal). Decision: SELL based on the above signals.

2025-01-12 22:59:08,929 - INFO - New Signal for BTC-USD: SELL
2025-01-12 22:59:08,930 - INFO - Existing order for BTC-USD: {'symbol': 'BTC/USDT:USDT', 'direction': 'sell', 'order_size': 1.0001337758553692, 'entry_price': 94187.4, 'stop_loss_price': 94469.96219999998, 'take_profit_price': 93433.90079999999}. Signal: SELL
2025-01-12 22:59:09,138 - INFO - Signal unchanged for BTC-USD. No action taken.
2025-01-12 22:59:09,138 - INFO - Monitoring open trades...
2025-01-12 22:59:09,375 - INFO - Open trades summary:
2025-01-12 22:59:09,570 - INFO - 
+---------------+-------------+--------------+---------------+-----------------+-------------+---------------+---------------------+
| Symbol        | Direction   |   Order Size |   Entry Price |   Current Price |   Stop Loss |   Take Profit | Profit Percentage   |
+===============+=============+==============+===============+=================+=============+===============+=====================+
| BTC/USDT:USDT | Sell        |      1.00013 |       94187.4 |         94225.5 |       94470 |       93433.9 | -0.04%              |
+---------------+-------------+--------------+---------------+-----------------+-------------+---------------+---------------------+
2025-01-12 22:59:09,571 - INFO - Sleeping for 1 minutes before next cycle...
2025-01-13 00:20:20,643 - INFO - Fetching latest data and predicting signal for BTC-USD...
2025-01-13 00:20:20,644 - WARNING - Skipping BTC-USD due to missing data.
2025-01-13 00:20:20,644 - INFO - Monitoring open trades...
2025-01-13 00:20:20,644 - INFO - Sleeping for 1 minutes before next cycle...
2025-01-13 00:21:05,470 - INFO - Fetching latest data and predicting signal for BTC-USD...
2025-01-13 00:21:08,438 - WARNING - Skipping BTC-USD due to missing data.
2025-01-13 00:21:08,438 - INFO - Monitoring open trades...
2025-01-13 00:21:08,438 - INFO - Sleeping for 1 minutes before next cycle...
2025-01-13 00:22:08,439 - INFO - Fetching latest data and predicting signal for BTC-USD...
2025-01-13 00:22:08,440 - WARNING - Skipping BTC-USD due to missing data.
2025-01-13 00:22:08,440 - INFO - Monitoring open trades...
2025-01-13 00:22:08,441 - INFO - Sleeping for 1 minutes before next cycle...
2025-01-13 00:23:27,048 - INFO - Fetching latest data and predicting signal for BTC-USD...
2025-01-13 00:23:29,330 - WARNING - Skipping BTC-USD due to missing data.
2025-01-13 00:23:29,330 - INFO - Monitoring open trades...
2025-01-13 00:23:29,330 - INFO - Sleeping for 1 minutes before next cycle...
2025-01-13 00:24:31,153 - INFO - Fetching latest data and predicting signal for BTC-USD...
2025-01-13 00:24:33,321 - WARNING - Skipping BTC-USD due to missing data.
2025-01-13 00:24:33,322 - INFO - Monitoring open trades...
2025-01-13 00:24:33,322 - INFO - Sleeping for 1 minutes before next cycle...
2025-01-13 00:25:33,323 - INFO - Fetching latest data and predicting signal for BTC-USD...
2025-01-13 00:25:33,324 - WARNING - Skipping BTC-USD due to missing data.
2025-01-13 00:25:33,324 - INFO - Monitoring open trades...
2025-01-13 00:25:33,325 - INFO - Sleeping for 1 minutes before next cycle...
2025-01-13 00:26:33,326 - INFO - Fetching latest data and predicting signal for BTC-USD...
2025-01-13 00:26:33,327 - WARNING - Skipping BTC-USD due to missing data.
2025-01-13 00:26:33,328 - INFO - Monitoring open trades...
2025-01-13 00:26:33,328 - INFO - Sleeping for 1 minutes before next cycle...
2025-01-13 00:27:33,329 - INFO - Fetching latest data and predicting signal for BTC-USD...
2025-01-13 00:27:33,330 - WARNING - Skipping BTC-USD due to missing data.
2025-01-13 00:27:33,330 - INFO - Monitoring open trades...
2025-01-13 00:27:33,330 - INFO - Sleeping for 1 minutes before next cycle...
2025-01-13 00:28:33,331 - INFO - Fetching latest data and predicting signal for BTC-USD...
2025-01-13 00:28:33,332 - WARNING - Skipping BTC-USD due to missing data.
2025-01-13 00:28:33,332 - INFO - Monitoring open trades...
2025-01-13 00:28:33,332 - INFO - Sleeping for 1 minutes before next cycle...
2025-01-13 00:29:33,333 - INFO - Fetching latest data and predicting signal for BTC-USD...
2025-01-13 00:29:33,333 - WARNING - Skipping BTC-USD due to missing data.
2025-01-13 00:29:33,333 - INFO - Monitoring open trades...
2025-01-13 00:29:33,335 - INFO - Sleeping for 1 minutes before next cycle...
2025-01-13 00:29:55,695 - INFO - Fetching latest data and predicting signal for BTC-USD...
2025-01-13 00:29:57,971 - WARNING - Skipping BTC-USD due to missing data.
2025-01-13 00:29:57,972 - INFO - Monitoring open trades...
2025-01-13 00:29:57,972 - INFO - Sleeping for 1 minutes before next cycle...
2025-01-13 00:30:24,734 - INFO - Fetching latest data and predicting signal for BTC-USD...
2025-01-13 00:30:27,682 - WARNING - Skipping BTC-USD due to missing data.
2025-01-13 00:30:27,682 - INFO - Monitoring open trades...
2025-01-13 00:30:27,682 - INFO - Sleeping for 1 minutes before next cycle...
2025-01-13 00:31:24,328 - INFO - Fetching latest data and predicting signal for BTC-USD...
2025-01-13 00:31:27,996 - WARNING - Skipping BTC-USD due to missing data.
2025-01-13 00:31:27,996 - INFO - Monitoring open trades...
2025-01-13 00:31:27,997 - INFO - Sleeping for 1 minutes before next cycle...
2025-01-13 00:33:11,629 - INFO - Fetching latest data and predicting signal for BTC-USD...
2025-01-13 00:33:14,672 - WARNING - Skipping BTC-USD due to missing data.
2025-01-13 00:33:14,672 - INFO - Monitoring open trades...
2025-01-13 00:33:14,673 - INFO - Sleeping for 1 minutes before next cycle...
2025-01-13 00:39:43,078 - INFO - Connected to live KuCoin Futures for real trading.
2025-01-13 00:39:43,865 - INFO - Successfully connected to KuCoin Futures.
2025-01-13 00:39:43,865 - INFO - Available balance in your futures account: USDT 89.26136575
2025-01-13 00:39:43,866 - INFO - Fetching latest data and predicting signal for BTC-USD...
2025-01-13 00:39:49,893 - INFO - Final Signal distribution: {1: 36, 0: 31}
2025-01-13 00:39:49,893 - INFO - Model is not trained. Training the model with data for BTC-USD...
2025-01-13 00:39:49,998 - INFO - Model is ready for predictions. Features: Unknown
2025-01-13 00:44:26,135 - INFO - Connected to live KuCoin Futures for real trading.
2025-01-13 00:44:27,598 - INFO - Successfully connected to KuCoin Futures.
2025-01-13 00:44:27,598 - INFO - Available balance in your futures account: USDT 89.26136575
2025-01-13 00:44:27,600 - INFO - Fetching latest data and predicting signal for BTC-USD...
2025-01-13 00:47:00,274 - INFO - Connected to live KuCoin Futures for real trading.
2025-01-13 00:47:01,065 - INFO - Successfully connected to KuCoin Futures.
2025-01-13 00:47:01,066 - INFO - Available balance in your futures account: USDT 89.26136575
2025-01-13 00:47:01,067 - INFO - Fetching latest data and predicting signal for BTC-USD...
2025-01-13 00:51:07,898 - INFO - Connected to live KuCoin Futures for real trading.
2025-01-13 00:51:08,698 - INFO - Successfully connected to KuCoin Futures.
2025-01-13 00:51:08,698 - INFO - Available balance in your futures account: USDT 89.26136575
2025-01-13 00:51:08,700 - INFO - Fetching latest data and predicting signal for BTC-USD...
2025-01-13 00:51:14,087 - INFO - Final Signal distribution: {1: 35, 0: 32}
2025-01-13 00:51:14,087 - INFO - Model is not trained. Training the model with data for BTC-USD...
2025-01-13 00:51:14,192 - INFO - Model is ready for predictions. Features: Unknown
2025-01-13 00:51:14,196 - WARNING - No valid signal for BTC-USD. Skipping.
2025-01-13 00:51:14,197 - INFO - Monitoring open trades...
2025-01-13 00:51:14,197 - INFO - Sleeping for 1 minutes before next cycle...
2025-01-13 01:47:44,647 - INFO - Connected to live KuCoin Futures for real trading.
2025-01-13 01:47:45,465 - INFO - Successfully connected to KuCoin Futures.
2025-01-13 01:47:45,465 - INFO - Available balance in your futures account: USDT 89.26136575
2025-01-13 01:47:45,466 - INFO - Fetching latest data and predicting signal for BTC-USD...
2025-01-13 01:47:51,304 - INFO - Final Signal distribution: {0: 36, 1: 31}
2025-01-13 01:47:51,304 - INFO - Model is not trained. Training the model with data for BTC-USD...
2025-01-13 01:47:51,403 - INFO - Model is ready for predictions. Features: Unknown
2025-01-13 01:47:51,871 - INFO - New Signal for BTC-USD: SELL
2025-01-13 01:47:51,871 - INFO - No existing order for BTC-USD. Placing a new SELL order.
2025-01-13 01:48:09,083 - INFO - Monitoring open trades...
2025-01-13 01:49:40,843 - INFO - Connected to live KuCoin Futures for real trading.
2025-01-13 01:49:41,633 - INFO - Successfully connected to KuCoin Futures.
2025-01-13 01:49:41,634 - INFO - Available balance in your futures account: USDT 88.55419637
2025-01-13 01:49:41,635 - INFO - Fetching latest data and predicting signal for BTC-USD...
2025-01-13 01:49:47,587 - INFO - Final Signal distribution: {0: 36, 1: 31}
2025-01-13 01:49:47,587 - INFO - Model is not trained. Training the model with data for BTC-USD...
2025-01-13 01:49:47,689 - INFO - Model is ready for predictions. Features: Unknown
2025-01-13 01:49:48,105 - INFO - New Signal for BTC-USD: SELL
2025-01-13 01:49:48,106 - INFO - No existing order for BTC-USD. Placing a new SELL order.
2025-01-13 01:50:05,347 - INFO - Monitoring open trades...
2025-01-13 01:50:54,985 - INFO - Connected to live KuCoin Futures for real trading.
2025-01-13 01:50:55,785 - INFO - Successfully connected to KuCoin Futures.
2025-01-13 01:50:55,786 - INFO - Available balance in your futures account: USDT 88.93546253
2025-01-13 01:50:55,787 - INFO - Fetching latest data and predicting signal for BTC-USD...
2025-01-13 01:51:01,172 - INFO - Final Signal distribution: {0: 36, 1: 31}
2025-01-13 01:51:01,172 - INFO - Model is not trained. Training the model with data for BTC-USD...
2025-01-13 01:51:01,276 - INFO - Model is ready for predictions. Features: Unknown
2025-01-13 01:51:01,736 - INFO - New Signal for BTC-USD: SELL
2025-01-13 01:51:01,737 - INFO - No existing order for BTC-USD. Placing a new SELL order.
2025-01-13 01:55:01,798 - INFO - Connected to live KuCoin Futures for real trading.
2025-01-13 01:55:02,596 - INFO - Successfully connected to KuCoin Futures.
2025-01-13 01:55:02,596 - INFO - Available balance in your futures account: USDT 88.69052971
2025-01-13 01:55:02,598 - INFO - Fetching latest data and predicting signal for BTC-USD...
2025-01-13 01:55:08,553 - INFO - Final Signal distribution: {0: 36, 1: 31}
2025-01-13 01:55:08,553 - INFO - Model is not trained. Training the model with data for BTC-USD...
2025-01-13 01:55:08,658 - INFO - Model is ready for predictions. Features: Unknown
2025-01-13 01:55:09,087 - INFO - New Signal for BTC-USD: SELL
2025-01-13 01:55:09,088 - INFO - No existing order for BTC-USD. Placing a new SELL order.
2025-01-13 01:55:26,534 - INFO - Monitoring open trades...
2025-01-13 01:58:47,116 - INFO - Connected to live KuCoin Futures for real trading.
2025-01-13 01:58:48,001 - INFO - Successfully connected to KuCoin Futures.
2025-01-13 01:58:48,001 - INFO - Available balance in your futures account: USDT 86.53593295
2025-01-13 01:58:48,002 - INFO - Fetching latest data and predicting signal for BTC-USD...
2025-01-13 01:58:53,873 - INFO - Final Signal distribution: {0: 36, 1: 31}
2025-01-13 01:58:53,873 - INFO - Model is not trained. Training the model with data for BTC-USD...
2025-01-13 01:58:53,982 - INFO - Model is ready for predictions. Features: Unknown
2025-01-13 01:58:54,395 - INFO - New Signal for BTC-USD: SELL
2025-01-13 01:58:54,395 - INFO - No existing order for BTC-USD. Placing a new SELL order.
2025-01-13 01:59:11,614 - INFO - Monitoring open trades...
2025-01-13 02:02:11,342 - INFO - Connected to live KuCoin Futures for real trading.
2025-01-13 02:02:12,215 - INFO - Successfully connected to KuCoin Futures.
2025-01-13 02:02:12,216 - INFO - Available balance in your futures account: USDT 84.40683927
2025-01-13 02:02:12,217 - INFO - Fetching latest data and predicting signal for BTC-USD...
2025-01-13 02:02:17,519 - INFO - Final Signal distribution: {0: 37, 1: 30}
2025-01-13 02:02:17,520 - INFO - Model is not trained. Training the model with data for BTC-USD...
2025-01-13 02:02:17,633 - INFO - Model is ready for predictions. Features: Unknown
2025-01-13 02:02:18,065 - INFO - New Signal for BTC-USD: SELL
2025-01-13 02:02:18,066 - INFO - No existing order for BTC-USD. Placing a new SELL order.
2025-01-13 02:02:18,716 - INFO - Monitoring open trades...
2025-01-13 02:02:19,153 - INFO - Sleeping for 1 minutes before next cycle...
2025-01-13 02:06:29,187 - INFO - Connected to live KuCoin Futures for real trading.
2025-01-13 02:06:29,977 - INFO - Successfully connected to KuCoin Futures.
2025-01-13 02:06:29,977 - INFO - Available balance in your futures account: USDT 86.70372623
2025-01-13 02:06:29,978 - INFO - Fetching latest data and predicting signal for BTC-USD...
2025-01-13 02:06:36,392 - INFO - Final Signal distribution: {0: 37, 1: 30}
2025-01-13 02:06:36,392 - INFO - Model is not trained. Training the model with data for BTC-USD...
2025-01-13 02:06:36,495 - INFO - Model is ready for predictions. Features: Unknown
2025-01-13 02:06:36,939 - INFO - New Signal for BTC-USD: SELL
2025-01-13 02:06:36,939 - INFO - No existing order for BTC-USD. Placing a new SELL order.
2025-01-13 02:06:37,588 - INFO - Monitoring open trades...
2025-01-13 02:06:38,088 - INFO - Sleeping for 1 minutes before next cycle...
2025-01-13 02:08:48,072 - INFO - Connected to live KuCoin Futures for real trading.
2025-01-13 02:08:48,882 - INFO - Successfully connected to KuCoin Futures.
2025-01-13 02:08:48,882 - INFO - Available balance in your futures account: USDT 84.91368567
2025-01-13 02:08:48,883 - INFO - Fetching latest data and predicting signal for BTC-USD...
2025-01-13 02:08:54,732 - INFO - Final Signal distribution: {0: 37, 1: 30}
2025-01-13 02:08:54,734 - INFO - Model is not trained. Training the model with data for BTC-USD...
2025-01-13 02:08:54,841 - INFO - Model is ready for predictions. Features: Unknown
2025-01-13 02:08:55,283 - INFO - New Signal for BTC-USD: SELL
2025-01-13 02:08:55,283 - INFO - No existing order for BTC-USD. Placing a new SELL order.
2025-01-13 02:08:55,931 - INFO - Monitoring open trades...
2025-01-13 02:08:56,403 - INFO - Sleeping for 1 minutes before next cycle...
2025-01-13 02:12:02,168 - INFO - Connected to live KuCoin Futures for real trading.
2025-01-13 02:12:02,963 - INFO - Successfully connected to KuCoin Futures.
2025-01-13 02:12:02,963 - INFO - Available balance in your futures account: USDT 84.24886871
2025-01-13 02:12:02,963 - INFO - Fetching latest data and predicting signal for BTC-USD...
2025-01-13 02:12:08,915 - INFO - Final Signal distribution: {0: 37, 1: 30}
2025-01-13 02:12:08,915 - INFO - Model is not trained. Training the model with data for BTC-USD...
2025-01-13 02:12:09,029 - INFO - Model is ready for predictions. Features: Unknown
2025-01-13 02:12:09,436 - INFO - New Signal for BTC-USD: SELL
2025-01-13 02:12:09,436 - INFO - No existing order for BTC-USD. Placing a new SELL order.
2025-01-13 02:12:10,131 - INFO - Monitoring open trades...
2025-01-13 02:12:10,576 - INFO - Sleeping for 1 minutes before next cycle...
2025-01-13 02:13:13,522 - INFO - Connected to live KuCoin Futures for real trading.
2025-01-13 02:13:14,335 - INFO - Successfully connected to KuCoin Futures.
2025-01-13 02:13:14,335 - INFO - Available balance in your futures account: USDT 86.11020273
2025-01-13 02:13:14,336 - INFO - Fetching latest data and predicting signal for BTC-USD...
2025-01-13 02:13:20,259 - INFO - Final Signal distribution: {0: 37, 1: 30}
2025-01-13 02:13:20,259 - INFO - Model is not trained. Training the model with data for BTC-USD...
2025-01-13 02:13:20,369 - INFO - Model is ready for predictions. Features: Unknown
2025-01-13 02:13:20,799 - INFO - New Signal for BTC-USD: SELL
2025-01-13 02:13:20,800 - INFO - No existing order for BTC-USD. Placing a new SELL order.
2025-01-13 02:13:21,454 - INFO - Monitoring open trades...
2025-01-13 02:13:21,918 - INFO - Sleeping for 1 minutes before next cycle...
2025-01-13 02:14:25,325 - INFO - Connected to live KuCoin Futures for real trading.
2025-01-13 02:14:26,128 - INFO - Successfully connected to KuCoin Futures.
2025-01-13 02:14:26,128 - INFO - Available balance in your futures account: USDT 85.54346413
2025-01-13 02:14:26,129 - INFO - Fetching latest data and predicting signal for BTC-USD...
2025-01-13 02:14:31,565 - INFO - Final Signal distribution: {0: 37, 1: 30}
2025-01-13 02:14:31,565 - INFO - Model is not trained. Training the model with data for BTC-USD...
2025-01-13 02:14:31,670 - INFO - Model is ready for predictions. Features: Unknown
2025-01-13 02:14:32,112 - INFO - New Signal for BTC-USD: SELL
2025-01-13 02:14:32,113 - INFO - No existing order for BTC-USD. Placing a new SELL order.
2025-01-13 02:14:33,429 - INFO - Monitoring open trades...
2025-01-13 02:14:33,903 - INFO - Sleeping for 1 minutes before next cycle...
2025-01-13 02:19:38,672 - INFO - Connected to live KuCoin Futures for real trading.
2025-01-13 02:19:40,206 - INFO - Successfully connected to KuCoin Futures.
2025-01-13 02:19:40,206 - INFO - Available balance in your futures account: USDT 85.84788959
2025-01-13 02:19:40,207 - INFO - Fetching latest data and predicting signal for BTC-USD...
2025-01-13 02:19:45,633 - INFO - Final Signal distribution: {0: 38, 1: 29}
2025-01-13 02:19:45,633 - INFO - Model is not trained. Training the model with data for BTC-USD...
2025-01-13 02:19:45,740 - INFO - Model is ready for predictions. Features: Unknown
2025-01-13 02:19:46,250 - INFO - New Signal for BTC-USD: SELL
2025-01-13 02:19:46,250 - INFO - No existing order for BTC-USD. Placing a new SELL order.
2025-01-13 02:19:46,922 - INFO - Monitoring open trades...
2025-01-13 02:19:47,361 - INFO - Sleeping for 1 minutes before next cycle...
